2020-02-21 11:57:35 ERROR java.lang.NullPointerException
2020-02-21 12:01:49 DEBUG login invoked
2020-02-21 12:01:49 DEBUG authValue: Basic bnVsbDpudWxs
2020-02-21 12:01:49 DEBUG ----------------------------------------------------------------------------------------------------
2020-02-21 12:01:49 DEBUG DataHandler Invoked
2020-02-21 12:01:49 DEBUG workbookName: donationInfo   sheetName: donations   testName: Assert200
2020-02-21 12:01:50 DEBUG Test case starts from row number : 1
2020-02-21 12:01:50 DEBUG Total number of columns: 5
2020-02-21 12:01:50 DEBUG Total number of rows: 1
2020-02-21 12:01:50 DEBUG DataHandler Exited
2020-02-21 12:01:50 DEBUG ----------------------------------------------------------------------------------------------------
2020-02-21 12:01:50 DEBUG ----------------------------------------------------------------------------------------------------
2020-02-21 12:01:50 DEBUG DataHandler Invoked
2020-02-21 12:01:50 DEBUG workbookName: donationInfo   sheetName: donations   testName: Assert400
2020-02-21 12:01:50 DEBUG Test case starts from row number : 5
2020-02-21 12:01:50 DEBUG Total number of columns: 5
2020-02-21 12:01:50 DEBUG Total number of rows: 1
2020-02-21 12:01:50 DEBUG DataHandler Exited
2020-02-21 12:01:50 DEBUG ----------------------------------------------------------------------------------------------------
2020-02-21 12:01:50 DEBUG ----------------------------------------------------------------------------------------------------
2020-02-21 12:01:50 DEBUG DataHandler Invoked
2020-02-21 12:01:50 DEBUG workbookName: donationInfo   sheetName: donations   testName: Assert401
2020-02-21 12:01:50 DEBUG Test case starts from row number : 9
2020-02-21 12:01:50 DEBUG Total number of columns: 5
2020-02-21 12:01:50 DEBUG Total number of rows: 1
2020-02-21 12:01:50 DEBUG DataHandler Exited
2020-02-21 12:01:50 DEBUG ----------------------------------------------------------------------------------------------------
2020-02-21 12:01:50 DEBUG ----------------------------------------------------------------------------------------------------
2020-02-21 12:01:50 DEBUG DataHandler Invoked
2020-02-21 12:01:50 DEBUG workbookName: donationInfo   sheetName: donationShortDetail   testName: Assert200
2020-02-21 12:01:50 DEBUG Test case starts from row number : 1
2020-02-21 12:01:50 DEBUG Total number of columns: 5
2020-02-21 12:01:50 DEBUG Total number of rows: 1
2020-02-21 12:01:50 DEBUG DataHandler Exited
2020-02-21 12:01:50 DEBUG ----------------------------------------------------------------------------------------------------
2020-02-21 12:01:50 DEBUG ----------------------------------------------------------------------------------------------------
2020-02-21 12:01:50 DEBUG DataHandler Invoked
2020-02-21 12:01:50 DEBUG workbookName: donationInfo   sheetName: donationShortDetail   testName: Assert400
2020-02-21 12:01:50 DEBUG Test case starts from row number : 5
2020-02-21 12:01:50 DEBUG Total number of columns: 5
2020-02-21 12:01:50 DEBUG Total number of rows: 1
2020-02-21 12:01:50 DEBUG DataHandler Exited
2020-02-21 12:01:50 DEBUG ----------------------------------------------------------------------------------------------------
2020-02-21 12:01:50 DEBUG ----------------------------------------------------------------------------------------------------
2020-02-21 12:01:50 DEBUG DataHandler Invoked
2020-02-21 12:01:50 DEBUG workbookName: donationInfo   sheetName: donationShortDetail   testName: Assert401
2020-02-21 12:01:50 DEBUG Test case starts from row number : 9
2020-02-21 12:01:50 DEBUG Total number of columns: 5
2020-02-21 12:01:50 DEBUG Total number of rows: 1
2020-02-21 12:01:50 DEBUG DataHandler Exited
2020-02-21 12:01:50 DEBUG ----------------------------------------------------------------------------------------------------
2020-02-21 12:01:50 DEBUG ----------------------------------------------------------------------------------------------------
2020-02-21 12:01:50 DEBUG DataHandler Invoked
2020-02-21 12:01:50 DEBUG workbookName: donationInfo   sheetName: groupStatusCount   testName: Assert200
2020-02-21 12:01:50 DEBUG Test case starts from row number : 1
2020-02-21 12:01:50 DEBUG Total number of columns: 5
2020-02-21 12:01:50 DEBUG Total number of rows: 1
2020-02-21 12:01:50 DEBUG DataHandler Exited
2020-02-21 12:01:50 DEBUG ----------------------------------------------------------------------------------------------------
2020-02-21 12:01:50 DEBUG ----------------------------------------------------------------------------------------------------
2020-02-21 12:01:50 DEBUG DataHandler Invoked
2020-02-21 12:01:50 DEBUG workbookName: donationInfo   sheetName: groupStatusCount   testName: Assert401
2020-02-21 12:01:50 DEBUG Test case starts from row number : 6
2020-02-21 12:01:50 DEBUG Total number of columns: 5
2020-02-21 12:01:50 DEBUG Total number of rows: 1
2020-02-21 12:01:50 DEBUG DataHandler Exited
2020-02-21 12:01:50 DEBUG ----------------------------------------------------------------------------------------------------
2020-02-21 12:01:50 DEBUG ----------------------------------------------------------------------------------------------------
2020-02-21 12:01:50 DEBUG DataHandler Invoked
2020-02-21 12:01:50 DEBUG workbookName: donationInfo   sheetName: orderTests   testName: Assert200
2020-02-21 12:01:50 DEBUG Test case starts from row number : 1
2020-02-21 12:01:50 DEBUG Total number of columns: 5
2020-02-21 12:01:50 DEBUG Total number of rows: 1
2020-02-21 12:01:50 DEBUG DataHandler Exited
2020-02-21 12:01:50 DEBUG ----------------------------------------------------------------------------------------------------
2020-02-21 12:01:50 DEBUG ----------------------------------------------------------------------------------------------------
2020-02-21 12:01:50 DEBUG DataHandler Invoked
2020-02-21 12:01:50 DEBUG workbookName: donationInfo   sheetName: orderTests   testName: Assert400
2020-02-21 12:01:50 DEBUG Test case starts from row number : 10
2020-02-21 12:01:50 DEBUG Total number of columns: 5
2020-02-21 12:01:50 DEBUG Total number of rows: 1
2020-02-21 12:01:50 DEBUG DataHandler Exited
2020-02-21 12:01:50 DEBUG ----------------------------------------------------------------------------------------------------
2020-02-21 12:01:50 DEBUG ----------------------------------------------------------------------------------------------------
2020-02-21 12:01:50 DEBUG DataHandler Invoked
2020-02-21 12:01:50 DEBUG workbookName: donationInfo   sheetName: orderTests   testName: Assert401
2020-02-21 12:01:50 DEBUG Test case starts from row number : 6
2020-02-21 12:01:50 DEBUG Total number of columns: 5
2020-02-21 12:01:50 DEBUG Total number of rows: 1
2020-02-21 12:01:50 DEBUG DataHandler Exited
2020-02-21 12:01:50 DEBUG ----------------------------------------------------------------------------------------------------
2020-02-21 12:01:50 DEBUG ----------------------------------------------------------------------------------------------------
2020-02-21 12:01:50 DEBUG DataHandler Invoked
2020-02-21 12:01:50 DEBUG workbookName: donationInfo   sheetName: orderTestsStatusHistory   testName: Assert200
2020-02-21 12:01:51 DEBUG Test case starts from row number : 1
2020-02-21 12:01:51 DEBUG Total number of columns: 5
2020-02-21 12:01:51 DEBUG Total number of rows: 1
2020-02-21 12:01:51 DEBUG DataHandler Exited
2020-02-21 12:01:51 DEBUG ----------------------------------------------------------------------------------------------------
2020-02-21 12:01:51 DEBUG ----------------------------------------------------------------------------------------------------
2020-02-21 12:01:51 DEBUG DataHandler Invoked
2020-02-21 12:01:51 DEBUG workbookName: donationInfo   sheetName: orderTestsStatusHistory   testName: Assert400
2020-02-21 12:01:51 DEBUG Test case starts from row number : 5
2020-02-21 12:01:51 DEBUG Total number of columns: 5
2020-02-21 12:01:51 DEBUG Total number of rows: 1
2020-02-21 12:01:51 DEBUG DataHandler Exited
2020-02-21 12:01:51 DEBUG ----------------------------------------------------------------------------------------------------
2020-02-21 12:01:51 DEBUG ----------------------------------------------------------------------------------------------------
2020-02-21 12:01:51 DEBUG DataHandler Invoked
2020-02-21 12:01:51 DEBUG workbookName: donationInfo   sheetName: orderTestsStatusHistory   testName: Assert401
2020-02-21 12:01:51 DEBUG Test case starts from row number : 9
2020-02-21 12:01:51 DEBUG Total number of columns: 5
2020-02-21 12:01:51 DEBUG Total number of rows: 1
2020-02-21 12:01:51 DEBUG DataHandler Exited
2020-02-21 12:01:51 DEBUG ----------------------------------------------------------------------------------------------------
2020-02-21 12:02:52 DEBUG ----------------------------------------------------------------------------------------------------
2020-02-21 12:02:52 DEBUG Suite invoked
2020-02-21 12:02:52 DEBUG Directory: C:\Users\Katyald\git\Bloodsttream\BloodstreamAPIs\BloodstreamAPI
2020-02-21 12:02:52 DEBUG Configuration exited
2020-02-21 12:02:52 DEBUG ----------------------------------------------------------------------------------------------------
2020-02-21 12:02:53 DEBUG login invoked
2020-02-21 12:02:53 DEBUG authValue: Basic SU1fQURNSU46
2020-02-21 12:02:56 DEBUG LoginToken: SU1fQURNSU46MGNLZ0Y3cGd4cBZSRVNUU0VSVkVSQ0FMTA==
2020-02-21 12:02:56 DEBUG ----------------------------------------------------------------------------------------------------
2020-02-21 12:02:56 DEBUG donationInfo.donationShortDetail Entered
2020-02-21 12:02:56 DEBUG ----------------------------------------------------------------------------------------------------
2020-02-21 12:02:56 DEBUG donationInfo.donations Entered
2020-02-21 12:02:56 DEBUG ----------------------------------------------------------------------------------------------------
2020-02-21 12:02:56 DEBUG donationInfo.groupStatusCount Entered
2020-02-21 12:02:56 DEBUG ----------------------------------------------------------------------------------------------------
2020-02-21 12:02:56 DEBUG donationInfo.orderTests Entered
