2020-02-19 18:16:39 DEBUG testinfo.orderTests Entered
2020-02-19 18:16:39 DEBUG ----------------------------------------------------------------------------------------------------
2020-02-19 18:16:39 DEBUG donationInfo.orderTestsStatusHistory Entered
2020-02-19 18:16:39 DEBUG ----------------------------------------------------------------------------------------------------
2020-02-19 18:16:39 DEBUG testinfo.poolConstituents Entered
2020-02-19 18:16:39 DEBUG ----------------------------------------------------------------------------------------------------
2020-02-19 18:16:39 DEBUG testinfo.poolDetails Entered
2020-02-19 18:16:39 DEBUG ----------------------------------------------------------------------------------------------------
2020-02-19 18:16:39 DEBUG DataHandler Invoked
2020-02-19 18:16:39 DEBUG workbookName: donationInfo   sheetName: donations   testName: Assert200
2020-02-19 18:16:39 DEBUG Test case starts from row number : 1
2020-02-19 18:16:39 DEBUG Total number of columns: 5
2020-02-19 18:16:39 DEBUG Total number of rows: 1
2020-02-19 18:16:39 DEBUG DataHandler Exited
2020-02-19 18:16:39 DEBUG ----------------------------------------------------------------------------------------------------
2020-02-19 18:16:39 DEBUG Assert200 Invoked
2020-02-19 18:16:43 DEBUG ----------------------------------------------------------------------------------------------------
2020-02-19 18:16:43 DEBUG DataHandler Invoked
2020-02-19 18:16:43 DEBUG workbookName: donationInfo   sheetName: donations   testName: Assert400
2020-02-19 18:16:43 DEBUG Test case starts from row number : 5
2020-02-19 18:16:43 DEBUG Total number of columns: 5
2020-02-19 18:16:43 DEBUG Total number of rows: 1
2020-02-19 18:16:43 DEBUG DataHandler Exited
2020-02-19 18:16:43 DEBUG ----------------------------------------------------------------------------------------------------
2020-02-19 18:16:43 DEBUG Assert400 Invoked
2020-02-19 18:16:46 DEBUG ----------------------------------------------------------------------------------------------------
2020-02-19 18:16:46 DEBUG DataHandler Invoked
2020-02-19 18:16:46 DEBUG workbookName: donationInfo   sheetName: donations   testName: Assert401
2020-02-19 18:16:46 DEBUG Test case starts from row number : 9
2020-02-19 18:16:46 DEBUG Total number of columns: 5
2020-02-19 18:16:46 DEBUG Total number of rows: 1
2020-02-19 18:16:46 DEBUG DataHandler Exited
2020-02-19 18:16:46 DEBUG ----------------------------------------------------------------------------------------------------
2020-02-19 18:16:46 DEBUG Assert401 Invoked
2020-02-19 18:16:48 DEBUG ----------------------------------------------------------------------------------------------------
2020-02-19 18:16:48 DEBUG DataHandler Invoked
2020-02-19 18:16:48 DEBUG workbookName: donationInfo   sheetName: donationShortDetail   testName: Assert200
2020-02-19 18:16:48 DEBUG Test case starts from row number : 1
2020-02-19 18:16:48 DEBUG Total number of columns: 5
2020-02-19 18:16:48 DEBUG Total number of rows: 1
2020-02-19 18:16:48 DEBUG DataHandler Exited
2020-02-19 18:16:48 DEBUG ----------------------------------------------------------------------------------------------------
2020-02-19 18:16:48 DEBUG Assert200 Invoked
2020-02-19 18:16:49 DEBUG ----------------------------------------------------------------------------------------------------
2020-02-19 18:16:49 DEBUG DataHandler Invoked
2020-02-19 18:16:49 DEBUG workbookName: donationInfo   sheetName: donationShortDetail   testName: Assert400
2020-02-19 18:16:49 DEBUG Test case starts from row number : 5
2020-02-19 18:16:49 DEBUG Total number of columns: 5
2020-02-19 18:16:49 DEBUG Total number of rows: 1
2020-02-19 18:16:49 DEBUG DataHandler Exited
2020-02-19 18:16:49 DEBUG ----------------------------------------------------------------------------------------------------
2020-02-19 18:16:49 DEBUG Assert400 Invoked
2020-02-19 18:16:52 DEBUG ----------------------------------------------------------------------------------------------------
2020-02-19 18:16:52 DEBUG DataHandler Invoked
2020-02-19 18:16:52 DEBUG workbookName: donationInfo   sheetName: donationShortDetail   testName: Assert401
2020-02-19 18:16:52 DEBUG Test case starts from row number : 9
2020-02-19 18:16:52 DEBUG Total number of columns: 5
2020-02-19 18:16:52 DEBUG Total number of rows: 1
2020-02-19 18:16:52 DEBUG DataHandler Exited
2020-02-19 18:16:52 DEBUG ----------------------------------------------------------------------------------------------------
2020-02-19 18:16:52 DEBUG Assert401 Invoked
2020-02-19 18:16:54 DEBUG ----------------------------------------------------------------------------------------------------
2020-02-19 18:16:54 DEBUG DataHandler Invoked
2020-02-19 18:16:54 DEBUG workbookName: donationInfo   sheetName: groupStatusCount   testName: Assert200
2020-02-19 18:16:54 DEBUG Test case starts from row number : 1
2020-02-19 18:16:54 DEBUG Total number of columns: 5
2020-02-19 18:16:54 DEBUG Total number of rows: 1
2020-02-19 18:16:54 DEBUG DataHandler Exited
2020-02-19 18:16:54 DEBUG ----------------------------------------------------------------------------------------------------
2020-02-19 18:16:54 DEBUG Assert200 Invoked
2020-02-19 18:16:55 DEBUG ----------------------------------------------------------------------------------------------------
2020-02-19 18:16:55 DEBUG DataHandler Invoked
2020-02-19 18:16:55 DEBUG workbookName: donationInfo   sheetName: groupStatusCount   testName: Assert401
2020-02-19 18:16:55 DEBUG Test case starts from row number : 6
2020-02-19 18:16:55 DEBUG Total number of columns: 5
2020-02-19 18:16:55 DEBUG Total number of rows: 1
2020-02-19 18:16:55 DEBUG DataHandler Exited
2020-02-19 18:16:55 DEBUG ----------------------------------------------------------------------------------------------------
2020-02-19 18:16:55 DEBUG Assert401 Invoked
2020-02-19 18:16:58 DEBUG ----------------------------------------------------------------------------------------------------
2020-02-19 18:16:58 DEBUG DataHandler Invoked
2020-02-19 18:16:58 DEBUG workbookName: donationInfo   sheetName: orderTests   testName: Assert200
2020-02-19 18:16:58 DEBUG Test case starts from row number : 1
2020-02-19 18:16:58 DEBUG Total number of columns: 5
2020-02-19 18:16:58 DEBUG Total number of rows: 1
2020-02-19 18:16:58 DEBUG DataHandler Exited
2020-02-19 18:16:58 DEBUG ----------------------------------------------------------------------------------------------------
2020-02-19 18:16:58 DEBUG Assert200 Invoked
2020-02-19 18:17:00 DEBUG ----------------------------------------------------------------------------------------------------
2020-02-19 18:17:00 DEBUG DataHandler Invoked
2020-02-19 18:17:00 DEBUG workbookName: donationInfo   sheetName: orderTests   testName: Assert400
2020-02-19 18:17:00 DEBUG Test case starts from row number : 10
2020-02-19 18:17:00 DEBUG Total number of columns: 5
2020-02-19 18:17:00 DEBUG Total number of rows: 1
2020-02-19 18:17:00 DEBUG DataHandler Exited
2020-02-19 18:17:00 DEBUG ----------------------------------------------------------------------------------------------------
2020-02-19 18:17:00 DEBUG Assert400 Invoked
2020-02-19 18:17:01 DEBUG ----------------------------------------------------------------------------------------------------
2020-02-19 18:17:01 DEBUG DataHandler Invoked
2020-02-19 18:17:01 DEBUG workbookName: donationInfo   sheetName: orderTests   testName: Assert401
2020-02-19 18:17:01 DEBUG Test case starts from row number : 6
2020-02-19 18:17:01 DEBUG Total number of columns: 5
2020-02-19 18:17:01 DEBUG Total number of rows: 1
2020-02-19 18:17:01 DEBUG DataHandler Exited
2020-02-19 18:17:01 DEBUG ----------------------------------------------------------------------------------------------------
2020-02-19 18:17:01 DEBUG Assert401 Invoked
2020-02-19 18:17:03 DEBUG ----------------------------------------------------------------------------------------------------
2020-02-19 18:17:03 DEBUG DataHandler Invoked
2020-02-19 18:17:03 DEBUG workbookName: donationInfo   sheetName: orderTestsStatusHistory   testName: Assert200
2020-02-19 18:17:03 DEBUG Test case starts from row number : 1
2020-02-19 18:17:03 DEBUG Total number of columns: 5
2020-02-19 18:17:03 DEBUG Total number of rows: 1
2020-02-19 18:17:03 DEBUG DataHandler Exited
2020-02-19 18:17:03 DEBUG ----------------------------------------------------------------------------------------------------
2020-02-19 18:17:03 DEBUG Assert200 Invoked
2020-02-19 18:17:04 DEBUG ----------------------------------------------------------------------------------------------------
2020-02-19 18:17:04 DEBUG DataHandler Invoked
2020-02-19 18:17:04 DEBUG workbookName: donationInfo   sheetName: orderTestsStatusHistory   testName: Assert400
2020-02-19 18:17:04 DEBUG Test case starts from row number : 5
2020-02-19 18:17:04 DEBUG Total number of columns: 5
2020-02-19 18:17:04 DEBUG Total number of rows: 1
2020-02-19 18:17:04 DEBUG DataHandler Exited
2020-02-19 18:17:04 DEBUG ----------------------------------------------------------------------------------------------------
2020-02-19 18:17:04 DEBUG Assert400 Invoked
2020-02-19 18:17:06 DEBUG ----------------------------------------------------------------------------------------------------
2020-02-19 18:17:06 DEBUG DataHandler Invoked
2020-02-19 18:17:06 DEBUG workbookName: donationInfo   sheetName: orderTestsStatusHistory   testName: Assert401
2020-02-19 18:17:06 DEBUG Test case starts from row number : 9
2020-02-19 18:17:06 DEBUG Total number of columns: 5
2020-02-19 18:17:06 DEBUG Total number of rows: 1
2020-02-19 18:17:06 DEBUG DataHandler Exited
2020-02-19 18:17:06 DEBUG ----------------------------------------------------------------------------------------------------
2020-02-19 18:17:06 DEBUG Assert401 Invoked
2020-02-19 18:17:07 DEBUG ----------------------------------------------------------------------------------------------------
2020-02-19 18:17:07 DEBUG DataHandler Invoked
2020-02-19 18:17:07 DEBUG workbookName: testinfo   sheetName: getgridLayout   testName: Assert200
