2020-02-19 16:52:11 DEBUG DataHandler Invoked
2020-02-19 16:52:11 DEBUG workbookName: donationInfo   sheetName: orderTests   testName: Assert200
2020-02-19 16:52:11 DEBUG Test case starts from row number : 1
2020-02-19 16:52:11 DEBUG Total number of columns: 5
2020-02-19 16:52:11 DEBUG Total number of rows: 1
2020-02-19 16:52:11 DEBUG DataHandler Exited
2020-02-19 16:52:11 DEBUG ----------------------------------------------------------------------------------------------------
2020-02-19 16:52:11 DEBUG Assert200 Invoked
2020-02-19 16:52:12 DEBUG ----------------------------------------------------------------------------------------------------
2020-02-19 16:52:12 DEBUG DataHandler Invoked
2020-02-19 16:52:12 DEBUG workbookName: donationInfo   sheetName: orderTests   testName: Assert400
2020-02-19 16:52:12 DEBUG Test case starts from row number : 10
2020-02-19 16:52:12 DEBUG Total number of columns: 5
2020-02-19 16:52:12 DEBUG Total number of rows: 1
2020-02-19 16:52:12 DEBUG DataHandler Exited
2020-02-19 16:52:12 DEBUG ----------------------------------------------------------------------------------------------------
2020-02-19 16:52:12 DEBUG Assert400 Invoked
2020-02-19 16:52:14 DEBUG ----------------------------------------------------------------------------------------------------
2020-02-19 16:52:14 DEBUG DataHandler Invoked
2020-02-19 16:52:14 DEBUG workbookName: donationInfo   sheetName: orderTests   testName: Assert401
2020-02-19 16:52:15 DEBUG Test case starts from row number : 6
2020-02-19 16:52:15 DEBUG Total number of columns: 5
2020-02-19 16:52:15 DEBUG Total number of rows: 1
2020-02-19 16:52:15 DEBUG DataHandler Exited
2020-02-19 16:52:15 DEBUG ----------------------------------------------------------------------------------------------------
2020-02-19 16:52:15 DEBUG Assert401 Invoked
2020-02-19 16:52:16 DEBUG ----------------------------------------------------------------------------------------------------
2020-02-19 16:52:16 DEBUG DataHandler Invoked
2020-02-19 16:52:16 DEBUG workbookName: donationInfo   sheetName: orderTestsStatusHistory   testName: Assert200
2020-02-19 16:52:16 DEBUG Test case starts from row number : 1
2020-02-19 16:52:16 DEBUG Total number of columns: 5
2020-02-19 16:52:16 DEBUG Total number of rows: 1
2020-02-19 16:52:16 DEBUG DataHandler Exited
2020-02-19 16:52:16 DEBUG ----------------------------------------------------------------------------------------------------
2020-02-19 16:52:16 DEBUG Assert200 Invoked
2020-02-19 16:52:18 DEBUG ----------------------------------------------------------------------------------------------------
2020-02-19 16:52:18 DEBUG DataHandler Invoked
2020-02-19 16:52:18 DEBUG workbookName: donationInfo   sheetName: orderTestsStatusHistory   testName: Assert400
2020-02-19 16:52:18 DEBUG Test case starts from row number : 5
2020-02-19 16:52:18 DEBUG Total number of columns: 5
2020-02-19 16:52:18 DEBUG Total number of rows: 1
2020-02-19 16:52:18 DEBUG DataHandler Exited
2020-02-19 16:52:18 DEBUG ----------------------------------------------------------------------------------------------------
2020-02-19 16:52:18 DEBUG Assert400 Invoked
2020-02-19 16:52:20 DEBUG ----------------------------------------------------------------------------------------------------
2020-02-19 16:52:20 DEBUG DataHandler Invoked
2020-02-19 16:52:20 DEBUG workbookName: donationInfo   sheetName: orderTestsStatusHistory   testName: Assert401
2020-02-19 16:52:20 DEBUG Test case starts from row number : 9
2020-02-19 16:52:20 DEBUG Total number of columns: 5
2020-02-19 16:52:20 DEBUG Total number of rows: 1
2020-02-19 16:52:20 DEBUG DataHandler Exited
2020-02-19 16:52:20 DEBUG ----------------------------------------------------------------------------------------------------
2020-02-19 16:52:20 DEBUG Assert401 Invoked
2020-02-19 16:52:21 DEBUG ----------------------------------------------------------------------------------------------------
2020-02-19 16:52:21 DEBUG DataHandler Invoked
2020-02-19 16:52:21 DEBUG workbookName: testinfo   sheetName: getgridLayout   testName: Assert200
2020-02-19 16:52:21 DEBUG Test case starts from row number : 1
2020-02-19 16:52:21 DEBUG Total number of columns: 5
2020-02-19 16:52:21 DEBUG Total number of rows: 1
2020-02-19 16:52:21 DEBUG DataHandler Exited
2020-02-19 16:52:21 DEBUG ----------------------------------------------------------------------------------------------------
2020-02-19 16:52:21 DEBUG Assert200 Invoked
2020-02-19 16:52:23 DEBUG ----------------------------------------------------------------------------------------------------
2020-02-19 16:52:23 DEBUG DataHandler Invoked
2020-02-19 16:52:23 DEBUG workbookName: testinfo   sheetName: getgridLayout   testName: Assert400
2020-02-19 16:52:23 DEBUG Test case starts from row number : 5
2020-02-19 16:52:23 DEBUG Total number of columns: 5
2020-02-19 16:52:23 DEBUG Total number of rows: 1
2020-02-19 16:52:23 DEBUG DataHandler Exited
2020-02-19 16:52:23 DEBUG ----------------------------------------------------------------------------------------------------
2020-02-19 16:52:23 DEBUG Assert400 Invoked
2020-02-19 16:52:24 DEBUG ----------------------------------------------------------------------------------------------------
2020-02-19 16:52:24 DEBUG DataHandler Invoked
2020-02-19 16:52:24 DEBUG workbookName: testinfo   sheetName: getgridLayout   testName: Assert401
2020-02-19 16:52:24 DEBUG Test case starts from row number : 9
2020-02-19 16:52:24 DEBUG Total number of columns: 5
2020-02-19 16:52:24 DEBUG Total number of rows: 1
2020-02-19 16:52:24 DEBUG DataHandler Exited
2020-02-19 16:52:24 DEBUG ----------------------------------------------------------------------------------------------------
2020-02-19 16:52:24 DEBUG Assert401 Invoked
2020-02-19 16:52:25 DEBUG ----------------------------------------------------------------------------------------------------
2020-02-19 16:52:25 DEBUG DataHandler Invoked
2020-02-19 16:52:25 DEBUG workbookName: testinfo   sheetName: orderTests   testName: Assert200
2020-02-19 16:52:25 DEBUG Test case starts from row number : 1
2020-02-19 16:52:25 DEBUG Total number of columns: 5
2020-02-19 16:52:25 DEBUG Total number of rows: 1
2020-02-19 16:52:25 DEBUG DataHandler Exited
2020-02-19 16:52:25 DEBUG ----------------------------------------------------------------------------------------------------
2020-02-19 16:52:25 DEBUG Assert200 Invoked
2020-02-19 16:52:27 DEBUG ----------------------------------------------------------------------------------------------------
2020-02-19 16:52:27 DEBUG DataHandler Invoked
2020-02-19 16:52:27 DEBUG workbookName: testinfo   sheetName: orderTests   testName: Assert400
2020-02-19 16:52:27 DEBUG Test case starts from row number : 5
2020-02-19 16:52:27 DEBUG Total number of columns: 5
2020-02-19 16:52:27 DEBUG Total number of rows: 1
2020-02-19 16:52:27 DEBUG DataHandler Exited
2020-02-19 16:52:27 DEBUG ----------------------------------------------------------------------------------------------------
2020-02-19 16:52:27 DEBUG Assert400 Invoked
2020-02-19 16:52:28 DEBUG ----------------------------------------------------------------------------------------------------
2020-02-19 16:52:28 DEBUG DataHandler Invoked
2020-02-19 16:52:28 DEBUG workbookName: testinfo   sheetName: orderTests   testName: Assert401
2020-02-19 16:52:28 DEBUG Test case starts from row number : 9
2020-02-19 16:52:28 DEBUG Total number of columns: 5
2020-02-19 16:52:28 DEBUG Total number of rows: 1
2020-02-19 16:52:28 DEBUG DataHandler Exited
2020-02-19 16:52:28 DEBUG ----------------------------------------------------------------------------------------------------
2020-02-19 16:52:28 DEBUG Assert401 Invoked
2020-02-19 16:52:29 DEBUG ----------------------------------------------------------------------------------------------------
2020-02-19 16:52:29 DEBUG DataHandler Invoked
2020-02-19 16:52:29 DEBUG workbookName: testinfo   sheetName: poolDetails   testName: Assert200
2020-02-19 16:52:29 DEBUG Test case starts from row number : 1
2020-02-19 16:52:29 DEBUG Total number of columns: 5
2020-02-19 16:52:29 DEBUG Total number of rows: 1
2020-02-19 16:52:29 DEBUG DataHandler Exited
2020-02-19 16:52:29 DEBUG ----------------------------------------------------------------------------------------------------
2020-02-19 16:52:30 DEBUG Assert200 Invoked
2020-02-19 16:52:31 DEBUG ----------------------------------------------------------------------------------------------------
2020-02-19 16:52:31 DEBUG DataHandler Invoked
2020-02-19 16:52:31 DEBUG workbookName: testinfo   sheetName: poolDetails   testName: Assert400
2020-02-19 16:52:31 DEBUG Test case starts from row number : 5
2020-02-19 16:52:31 DEBUG Total number of columns: 5
2020-02-19 16:52:31 DEBUG Total number of rows: 1
2020-02-19 16:52:31 DEBUG DataHandler Exited
2020-02-19 16:52:31 DEBUG ----------------------------------------------------------------------------------------------------
2020-02-19 16:52:31 DEBUG Assert400 Invoked
2020-02-19 16:52:32 DEBUG ----------------------------------------------------------------------------------------------------
2020-02-19 16:52:32 DEBUG DataHandler Invoked
2020-02-19 16:52:32 DEBUG workbookName: testinfo   sheetName: poolDetails   testName: Assert401
2020-02-19 16:52:32 DEBUG Test case starts from row number : 9
2020-02-19 16:52:32 DEBUG Total number of columns: 5
2020-02-19 16:52:32 DEBUG Total number of rows: 1
2020-02-19 16:52:32 DEBUG DataHandler Exited
2020-02-19 16:52:32 DEBUG ----------------------------------------------------------------------------------------------------
2020-02-19 16:52:32 DEBUG Assert401 Invoked
2020-02-19 16:52:34 DEBUG testinfo.getgridLayout  Exited
2020-02-19 16:52:34 DEBUG ----------------------------------------------------------------------------------------------------
2020-02-19 16:52:34 DEBUG testinfo.orderTests  Exited
2020-02-19 16:52:34 DEBUG ----------------------------------------------------------------------------------------------------
2020-02-19 16:52:34 DEBUG testinfo.poolDetails  Exited
