2020-02-17 17:07:39 DEBUG ----------------------------------------------------------------------------------------------------
2020-02-17 17:07:39 DEBUG Suite invoked
2020-02-17 17:07:39 DEBUG Directory: C:\Users\naikn\git\BloodstreamAPIs\BloodstreamAPI
2020-02-17 17:07:39 DEBUG Configuration exited
2020-02-17 17:07:39 DEBUG ----------------------------------------------------------------------------------------------------
2020-02-17 17:07:39 DEBUG ----------------------------------------------------------------------------------------------------
2020-02-17 17:07:39 DEBUG Suite name: Bloodstream Suite
2020-02-17 17:07:39 DEBUG login invoked
2020-02-17 17:07:39 DEBUG authValue: Basic SU1fQURNSU46
2020-02-17 17:07:40 DEBUG LoginToken: null
2020-02-17 17:07:40 DEBUG ----------------------------------------------------------------------------------------------------
2020-02-17 17:07:40 DEBUG donationInfo.Donations Entered
2020-02-17 17:07:40 DEBUG ----------------------------------------------------------------------------------------------------
2020-02-17 17:07:40 DEBUG testinfo.gridLayout Entered
2020-02-17 17:07:40 DEBUG ----------------------------------------------------------------------------------------------------
2020-02-17 17:07:40 DEBUG DataHandler Invoked
2020-02-17 17:07:40 DEBUG workbookName: donationInfo   sheetName: Donations   testName: Assert200
2020-02-17 17:07:41 DEBUG Test case starts from row number : 3
2020-02-17 17:07:41 DEBUG Total number of columns: 5
2020-02-17 17:07:41 DEBUG Total number of rows: 1
2020-02-17 17:07:41 DEBUG DataHandler Exited
2020-02-17 17:07:41 DEBUG ----------------------------------------------------------------------------------------------------
2020-02-17 17:07:41 DEBUG Assert200 Invoked
2020-02-17 17:07:41 DEBUG ----------------------------------------------------------------------------------------------------
2020-02-17 17:07:41 DEBUG DataHandler Invoked
2020-02-17 17:07:41 DEBUG workbookName: donationInfo   sheetName: Donations   testName: Assert400
2020-02-17 17:07:41 DEBUG Test case starts from row number : 7
2020-02-17 17:07:41 DEBUG Total number of columns: 5
2020-02-17 17:07:41 DEBUG Total number of rows: 1
2020-02-17 17:07:41 DEBUG DataHandler Exited
2020-02-17 17:07:41 DEBUG ----------------------------------------------------------------------------------------------------
2020-02-17 17:07:41 DEBUG Assert400 Invoked
2020-02-17 17:07:42 DEBUG ----------------------------------------------------------------------------------------------------
2020-02-17 17:07:42 DEBUG DataHandler Invoked
2020-02-17 17:07:42 DEBUG workbookName: donationInfo   sheetName: Donations   testName: Assert401
2020-02-17 17:07:42 DEBUG Test case starts from row number : 11
2020-02-17 17:07:42 DEBUG Total number of columns: 5
2020-02-17 17:07:42 DEBUG Total number of rows: 1
2020-02-17 17:07:42 DEBUG DataHandler Exited
2020-02-17 17:07:42 DEBUG ----------------------------------------------------------------------------------------------------
2020-02-17 17:07:42 DEBUG Assert401 Invoked
2020-02-17 17:07:43 DEBUG ----------------------------------------------------------------------------------------------------
2020-02-17 17:07:43 DEBUG DataHandler Invoked
2020-02-17 17:07:43 DEBUG workbookName: testinfo   sheetName: gridLayout   testName: TestGet200
2020-02-17 17:07:43 DEBUG Test case starts from row number : 1
2020-02-17 17:07:43 DEBUG Total number of columns: 5
2020-02-17 17:07:43 DEBUG Total number of rows: 1
2020-02-17 17:07:43 DEBUG DataHandler Exited
2020-02-17 17:07:43 DEBUG ----------------------------------------------------------------------------------------------------
2020-02-17 17:07:43 DEBUG TestGet200 Invoked
2020-02-17 17:07:43 DEBUG ----------------------------------------------------------------------------------------------------
2020-02-17 17:07:43 DEBUG DataHandler Invoked
2020-02-17 17:07:43 DEBUG workbookName: testinfo   sheetName: gridLayout   testName: TestGet401
2020-02-17 17:07:43 DEBUG Test case starts from row number : 6
2020-02-17 17:07:43 DEBUG Total number of columns: 5
2020-02-17 17:07:43 DEBUG Total number of rows: 1
2020-02-17 17:07:43 DEBUG DataHandler Exited
2020-02-17 17:07:43 DEBUG ----------------------------------------------------------------------------------------------------
2020-02-17 17:07:43 DEBUG TestGet401 Invoked
2020-02-17 17:07:44 DEBUG testinfo.gridLayout  Exited
2020-02-17 17:07:44 DEBUG ----------------------------------------------------------------------------------------------------
2020-02-17 17:07:44 DEBUG Bloodstream Suite Finished
2020-02-17 17:07:44 DEBUG ----------------------------------------------------------------------------------------------------
2020-02-17 17:57:12 DEBUG ----------------------------------------------------------------------------------------------------
2020-02-17 17:57:12 DEBUG Suite invoked
2020-02-17 17:57:12 DEBUG Directory: C:\Users\naikn\git\BloodstreamAPIs\BloodstreamAPI
2020-02-17 17:57:12 DEBUG Configuration exited
2020-02-17 17:57:12 DEBUG ----------------------------------------------------------------------------------------------------
2020-02-17 17:57:12 DEBUG ----------------------------------------------------------------------------------------------------
2020-02-17 17:57:12 DEBUG Suite name: Bloodstream Suite
2020-02-17 17:57:12 DEBUG login invoked
2020-02-17 17:57:12 DEBUG authValue: Basic SU1fQURNSU46
2020-02-17 17:57:14 DEBUG LoginToken: null
2020-02-17 17:57:14 DEBUG ----------------------------------------------------------------------------------------------------
2020-02-17 17:57:14 DEBUG donationInfo.Donations Entered
2020-02-17 17:57:14 DEBUG ----------------------------------------------------------------------------------------------------
2020-02-17 17:57:14 DEBUG testinfo.gridLayout Entered
2020-02-17 17:57:14 DEBUG ----------------------------------------------------------------------------------------------------
2020-02-17 17:57:14 DEBUG DataHandler Invoked
2020-02-17 17:57:14 DEBUG workbookName: donationInfo   sheetName: Donations   testName: Assert200
2020-02-17 17:57:15 DEBUG Test case starts from row number : 3
2020-02-17 17:57:15 DEBUG Total number of columns: 5
2020-02-17 17:57:15 DEBUG Total number of rows: 1
2020-02-17 17:57:15 DEBUG DataHandler Exited
2020-02-17 17:57:15 DEBUG ----------------------------------------------------------------------------------------------------
2020-02-17 17:57:15 DEBUG Assert200 Invoked
2020-02-17 17:57:15 DEBUG ----------------------------------------------------------------------------------------------------
2020-02-17 17:57:15 DEBUG DataHandler Invoked
2020-02-17 17:57:15 DEBUG workbookName: donationInfo   sheetName: Donations   testName: Assert400
2020-02-17 17:57:15 DEBUG Test case starts from row number : 7
2020-02-17 17:57:15 DEBUG Total number of columns: 5
2020-02-17 17:57:15 DEBUG Total number of rows: 1
2020-02-17 17:57:15 DEBUG DataHandler Exited
2020-02-17 17:57:15 DEBUG ----------------------------------------------------------------------------------------------------
2020-02-17 17:57:15 DEBUG Assert400 Invoked
2020-02-17 17:57:16 DEBUG ----------------------------------------------------------------------------------------------------
2020-02-17 17:57:16 DEBUG DataHandler Invoked
2020-02-17 17:57:16 DEBUG workbookName: donationInfo   sheetName: Donations   testName: Assert401
2020-02-17 17:57:16 DEBUG Test case starts from row number : 11
2020-02-17 17:57:16 DEBUG Total number of columns: 5
2020-02-17 17:57:16 DEBUG Total number of rows: 1
2020-02-17 17:57:16 DEBUG DataHandler Exited
2020-02-17 17:57:16 DEBUG ----------------------------------------------------------------------------------------------------
2020-02-17 17:57:16 DEBUG Assert401 Invoked
2020-02-17 17:57:16 DEBUG ----------------------------------------------------------------------------------------------------
2020-02-17 17:57:16 DEBUG DataHandler Invoked
2020-02-17 17:57:16 DEBUG workbookName: testinfo   sheetName: gridLayout   testName: TestGet200
2020-02-17 17:57:16 DEBUG Test case starts from row number : 1
2020-02-17 17:57:16 DEBUG Total number of columns: 5
2020-02-17 17:57:16 DEBUG Total number of rows: 1
2020-02-17 17:57:16 DEBUG DataHandler Exited
2020-02-17 17:57:16 DEBUG ----------------------------------------------------------------------------------------------------
2020-02-17 17:57:16 DEBUG TestGet200 Invoked
2020-02-17 17:57:17 DEBUG ----------------------------------------------------------------------------------------------------
2020-02-17 17:57:17 DEBUG DataHandler Invoked
2020-02-17 17:57:17 DEBUG workbookName: testinfo   sheetName: gridLayout   testName: TestGet401
2020-02-17 17:57:17 DEBUG Test case starts from row number : 6
2020-02-17 17:57:17 DEBUG Total number of columns: 5
2020-02-17 17:57:17 DEBUG Total number of rows: 1
2020-02-17 17:57:17 DEBUG DataHandler Exited
2020-02-17 17:57:17 DEBUG ----------------------------------------------------------------------------------------------------
2020-02-17 17:57:17 DEBUG TestGet401 Invoked
2020-02-17 17:57:17 DEBUG testinfo.gridLayout  Exited
2020-02-17 17:57:17 DEBUG ----------------------------------------------------------------------------------------------------
2020-02-17 17:57:18 DEBUG Bloodstream Suite Finished
2020-02-17 17:57:18 DEBUG ----------------------------------------------------------------------------------------------------
2020-02-17 17:57:52 DEBUG ----------------------------------------------------------------------------------------------------
2020-02-17 17:57:52 DEBUG Suite invoked
2020-02-17 17:57:52 DEBUG Directory: C:\Users\naikn\git\BloodstreamAPIs\BloodstreamAPI
2020-02-17 17:57:52 DEBUG Configuration exited
2020-02-17 17:57:52 DEBUG ----------------------------------------------------------------------------------------------------
2020-02-17 17:57:52 DEBUG ----------------------------------------------------------------------------------------------------
2020-02-17 17:57:52 DEBUG Suite name: Bloodstream Suite
2020-02-17 17:57:53 DEBUG login invoked
