2020-02-18 17:15:48 DEBUG Assert400 Invoked
2020-02-18 17:15:48 DEBUG ----------------------------------------------------------------------------------------------------
2020-02-18 17:15:48 DEBUG DataHandler Invoked
2020-02-18 17:15:48 DEBUG workbookName: donationInfo   sheetName: donationShortDetail   testName: Assert401
2020-02-18 17:15:48 DEBUG Test case starts from row number : 9
2020-02-18 17:15:48 DEBUG Total number of columns: 5
2020-02-18 17:15:48 DEBUG Total number of rows: 1
2020-02-18 17:15:48 DEBUG DataHandler Exited
2020-02-18 17:15:48 DEBUG ----------------------------------------------------------------------------------------------------
2020-02-18 17:15:48 DEBUG Assert401 Invoked
2020-02-18 17:15:49 DEBUG ----------------------------------------------------------------------------------------------------
2020-02-18 17:15:49 DEBUG DataHandler Invoked
2020-02-18 17:15:49 DEBUG workbookName: donationInfo   sheetName: groupStatusCount   testName: Assert200
2020-02-18 17:15:49 DEBUG Test case starts from row number : 1
2020-02-18 17:15:49 DEBUG Total number of columns: 0
2020-02-18 17:15:49 DEBUG Total number of rows: 0
2020-02-18 17:15:49 DEBUG DataHandler Exited
2020-02-18 17:15:49 DEBUG ----------------------------------------------------------------------------------------------------
2020-02-18 17:15:49 DEBUG ----------------------------------------------------------------------------------------------------
2020-02-18 17:15:49 DEBUG DataHandler Invoked
2020-02-18 17:15:49 DEBUG workbookName: donationInfo   sheetName: groupStatusCount   testName: Assert401
2020-02-18 17:15:49 DEBUG Test case starts from row number : 9
2020-02-18 17:15:49 DEBUG Total number of columns: 0
2020-02-18 17:15:49 DEBUG Total number of rows: 0
2020-02-18 17:15:49 DEBUG DataHandler Exited
2020-02-18 17:15:49 DEBUG ----------------------------------------------------------------------------------------------------
2020-02-18 17:15:49 DEBUG ----------------------------------------------------------------------------------------------------
2020-02-18 17:15:49 DEBUG DataHandler Invoked
2020-02-18 17:15:49 DEBUG workbookName: testinfo   sheetName: GetgridLayout   testName: Assert200
2020-02-18 17:15:49 DEBUG Test case starts from row number : 10
2020-02-18 17:15:49 DEBUG Total number of columns: 5
2020-02-18 17:15:49 DEBUG Total number of rows: 1
2020-02-18 17:15:49 DEBUG DataHandler Exited
2020-02-18 17:15:49 DEBUG ----------------------------------------------------------------------------------------------------
2020-02-18 17:15:49 DEBUG Assert200 Invoked
2020-02-18 17:15:49 DEBUG ----------------------------------------------------------------------------------------------------
2020-02-18 17:15:49 DEBUG DataHandler Invoked
2020-02-18 17:15:49 DEBUG workbookName: testinfo   sheetName: GetgridLayout   testName: Assert400
2020-02-18 17:15:49 DEBUG Test case starts from row number : 14
2020-02-18 17:15:49 DEBUG Total number of columns: 5
2020-02-18 17:15:49 DEBUG Total number of rows: 1
2020-02-18 17:15:49 DEBUG DataHandler Exited
2020-02-18 17:15:49 DEBUG ----------------------------------------------------------------------------------------------------
2020-02-18 17:15:49 DEBUG Assert400 Invoked
2020-02-18 17:15:50 DEBUG ----------------------------------------------------------------------------------------------------
2020-02-18 17:15:50 DEBUG DataHandler Invoked
2020-02-18 17:15:50 DEBUG workbookName: testinfo   sheetName: GetgridLayout   testName: Assert401
2020-02-18 17:15:50 DEBUG Test case starts from row number : 18
2020-02-18 17:15:50 DEBUG Total number of columns: 5
2020-02-18 17:15:50 DEBUG Total number of rows: 1
2020-02-18 17:15:50 DEBUG DataHandler Exited
2020-02-18 17:15:50 DEBUG ----------------------------------------------------------------------------------------------------
2020-02-18 17:15:50 DEBUG Assert401 Invoked
2020-02-18 17:15:50 DEBUG testinfo.GetgridLayout  Exited
2020-02-18 17:15:50 DEBUG ----------------------------------------------------------------------------------------------------
2020-02-18 17:15:51 DEBUG Bloodstream Suite Finished
2020-02-18 17:15:51 DEBUG ----------------------------------------------------------------------------------------------------
2020-02-18 17:17:18 DEBUG ----------------------------------------------------------------------------------------------------
2020-02-18 17:17:18 DEBUG Suite invoked
2020-02-18 17:17:18 DEBUG Directory: C:\Users\Katyald\git\BloodstreamAPIs\BloodstreamAPI
2020-02-18 17:17:18 DEBUG Configuration exited
2020-02-18 17:17:18 DEBUG ----------------------------------------------------------------------------------------------------
2020-02-18 17:17:18 DEBUG ----------------------------------------------------------------------------------------------------
2020-02-18 17:17:18 DEBUG Suite name: Bloodstream Suite
2020-02-18 17:17:18 DEBUG login invoked
2020-02-18 17:17:18 DEBUG authValue: Basic SU1fQURNSU46
2020-02-18 17:17:21 DEBUG LoginToken: null
2020-02-18 17:17:21 DEBUG ----------------------------------------------------------------------------------------------------
2020-02-18 17:17:21 DEBUG testinfo.GetgridLayout Entered
2020-02-18 17:17:21 DEBUG ----------------------------------------------------------------------------------------------------
2020-02-18 17:17:21 DEBUG donationInfo.donationShortDetail Entered
2020-02-18 17:17:21 DEBUG ----------------------------------------------------------------------------------------------------
2020-02-18 17:17:21 DEBUG donationInfo.donations Entered
2020-02-18 17:17:21 DEBUG ----------------------------------------------------------------------------------------------------
2020-02-18 17:17:21 DEBUG donationInfo.groupStatusCount Entered
2020-02-18 17:17:21 DEBUG ----------------------------------------------------------------------------------------------------
2020-02-18 17:17:21 DEBUG DataHandler Invoked
2020-02-18 17:17:21 DEBUG workbookName: donationInfo   sheetName: donations   testName: Assert200
2020-02-18 17:17:21 DEBUG Test case starts from row number : 3
2020-02-18 17:17:21 DEBUG Total number of columns: 5
2020-02-18 17:17:21 DEBUG Total number of rows: 1
2020-02-18 17:17:21 DEBUG DataHandler Exited
2020-02-18 17:17:21 DEBUG ----------------------------------------------------------------------------------------------------
2020-02-18 17:17:21 DEBUG Assert200 Invoked
2020-02-18 17:17:25 DEBUG ----------------------------------------------------------------------------------------------------
2020-02-18 17:17:25 DEBUG DataHandler Invoked
2020-02-18 17:17:25 DEBUG workbookName: donationInfo   sheetName: donations   testName: Assert400
2020-02-18 17:17:25 DEBUG Test case starts from row number : 7
2020-02-18 17:17:25 DEBUG Total number of columns: 5
2020-02-18 17:17:25 DEBUG Total number of rows: 1
2020-02-18 17:17:25 DEBUG DataHandler Exited
2020-02-18 17:17:25 DEBUG ----------------------------------------------------------------------------------------------------
2020-02-18 17:17:25 DEBUG Assert400 Invoked
2020-02-18 17:17:28 DEBUG ----------------------------------------------------------------------------------------------------
2020-02-18 17:17:28 DEBUG DataHandler Invoked
2020-02-18 17:17:28 DEBUG workbookName: donationInfo   sheetName: donations   testName: Assert401
2020-02-18 17:17:28 DEBUG Test case starts from row number : 11
2020-02-18 17:17:28 DEBUG Total number of columns: 5
2020-02-18 17:17:28 DEBUG Total number of rows: 1
2020-02-18 17:17:28 DEBUG DataHandler Exited
2020-02-18 17:17:28 DEBUG ----------------------------------------------------------------------------------------------------
2020-02-18 17:17:28 DEBUG Assert401 Invoked
2020-02-18 17:17:30 DEBUG ----------------------------------------------------------------------------------------------------
2020-02-18 17:17:30 DEBUG DataHandler Invoked
2020-02-18 17:17:30 DEBUG workbookName: donationInfo   sheetName: donationShortDetail   testName: Assert200
2020-02-18 17:17:30 DEBUG Test case starts from row number : 1
2020-02-18 17:17:30 DEBUG Total number of columns: 5
2020-02-18 17:17:30 DEBUG Total number of rows: 1
2020-02-18 17:17:30 DEBUG DataHandler Exited
2020-02-18 17:17:30 DEBUG ----------------------------------------------------------------------------------------------------
2020-02-18 17:17:30 DEBUG Assert200 Invoked
2020-02-18 17:17:33 DEBUG ----------------------------------------------------------------------------------------------------
2020-02-18 17:17:33 DEBUG DataHandler Invoked
2020-02-18 17:17:33 DEBUG workbookName: donationInfo   sheetName: donationShortDetail   testName: Assert400
2020-02-18 17:17:33 DEBUG Test case starts from row number : 5
2020-02-18 17:17:33 DEBUG Total number of columns: 5
2020-02-18 17:17:33 DEBUG Total number of rows: 1
2020-02-18 17:17:33 DEBUG DataHandler Exited
2020-02-18 17:17:33 DEBUG ----------------------------------------------------------------------------------------------------
2020-02-18 17:17:33 DEBUG Assert400 Invoked
2020-02-18 17:17:36 DEBUG ----------------------------------------------------------------------------------------------------
2020-02-18 17:17:36 DEBUG DataHandler Invoked
2020-02-18 17:17:36 DEBUG workbookName: donationInfo   sheetName: donationShortDetail   testName: Assert401
2020-02-18 17:17:36 DEBUG Test case starts from row number : 9
2020-02-18 17:17:36 DEBUG Total number of columns: 5
2020-02-18 17:17:36 DEBUG Total number of rows: 1
2020-02-18 17:17:36 DEBUG DataHandler Exited
2020-02-18 17:17:36 DEBUG ----------------------------------------------------------------------------------------------------
2020-02-18 17:17:36 DEBUG Assert401 Invoked
2020-02-18 17:17:38 DEBUG ----------------------------------------------------------------------------------------------------
2020-02-18 17:17:38 DEBUG DataHandler Invoked
2020-02-18 17:17:38 DEBUG workbookName: donationInfo   sheetName: groupStatusCount   testName: Assert200
2020-02-18 17:17:38 DEBUG Test case starts from row number : 1
2020-02-18 17:17:38 DEBUG Total number of columns: 0
